<html>
<body>
<pre>
<h1>µVision Build Log</h1>
<h2>Tool Versions:</h2>
IDE-Version: ¦ÌVision V5.33.0.0
Copyright (C) 2020 ARM Ltd and ARM Germany GmbH. All rights reserved.
License Information: 11 11, 11, LIC=LSNXV-PXKTE-NNYAF-6MUFA-T85HT-ITF39
 
Tool Versions:
Toolchain:       MDK-ARM Plus  Version: 5.33.0.0
Toolchain Path:  C:\Keil_v5\ARM\ARMCLANG\Bin
C Compiler:      ArmClang.exe V6.15
Assembler:       Armasm.exe V6.15
Linker/Locator:  ArmLink.exe V6.15
Library Manager: ArmAr.exe V6.15
Hex Converter:   FromElf.exe V6.15
CPU DLL:         SARMCM3.DLL V5.33.0.0
Dialog DLL:      DCM.DLL V1.17.3.0
Target DLL:      STLink\ST-LINKIII-KEIL_SWO.dll V3.0.8.0
Dialog DLL:      TCM.DLL V1.48.0.0
 
<h2>Project:</h2>
E:\stm32\c\stm32\f103_002\f1030_02.uvprojx
Project File Date:  05/04/2022

<h2>Output:</h2>
*** Using Compiler 'V6.15', folder: 'C:\Keil_v5\ARM\ARMCLANG\Bin'
Rebuild target 'Target 1'
CoreSupport/core_cm3.c(445): error: non-ASM statement in naked function is not supported
  uint32_t result=0;
  ^
CoreSupport/core_cm3.c(442): note: attribute is here
uint32_t __get_PSP(void) __attribute__( ( naked ) );
                                          ^
CoreSupport/core_cm3.c(465): error: parameter references not allowed in naked functions
                  "BX  lr     \n\t" : : "r" (topOfProcStack) );
                                             ^
CoreSupport/core_cm3.c(461): note: attribute is here
void __set_PSP(uint32_t topOfProcStack) __attribute__( ( naked ) );
                                                         ^
CoreSupport/core_cm3.c(479): error: non-ASM statement in naked function is not supported
  uint32_t result=0;
  ^
CoreSupport/core_cm3.c(476): note: attribute is here
uint32_t __get_MSP(void) __attribute__( ( naked ) );
                                          ^
CoreSupport/core_cm3.c(499): error: parameter references not allowed in naked functions
                  "BX  lr     \n\t" : : "r" (topOfMainStack) );
                                             ^
CoreSupport/core_cm3.c(495): note: attribute is here
void __set_MSP(uint32_t topOfMainStack) __attribute__( ( naked ) );
                                                         ^
4 errors generated.
compiling core_cm3.c...
compiling stm32f10x_bkp.c...
compiling misc.c...
compiling stm32f10x_adc.c...
compiling stm32f10x_can.c...
compiling stm32f10x_cec.c...
compiling stm32f10x_crc.c...
compiling stm32f10x_dac.c...
compiling stm32f10x_dbgmcu.c...
compiling stm32f10x_dma.c...
compiling stm32f10x_exti.c...
compiling stm32f10x_gpio.c...
compiling stm32f10x_flash.c...
compiling stm32f10x_fsmc.c...
compiling stm32f10x_i2c.c...
compiling stm32f10x_iwdg.c...
compiling stm32f10x_pwr.c...
compiling stm32f10x_rtc.c...
compiling stm32f10x_rcc.c...
compiling stm32f10x_sdio.c...
compiling stm32f10x_spi.c...
compiling stm32f10x_wwdg.c...
assembling startup_stm32f10x_md.s...
compiling stm32f10x_usart.c...
compiling system_stm32f10x.c...
compiling stm32f10x_tim.c...
compiling main.c...
".\Objects\f1030_02.axf" - 4 Error(s), 0 Warning(s).

<h2>Software Packages used:</h2>

Package Vendor: Keil
                http://www.keil.com/pack/Keil.STM32F1xx_DFP.2.3.0.pack
                Keil.STM32F1xx_DFP.2.3.0
                STMicroelectronics STM32F1 Series Device Support, Drivers and Examples

<h2>Collection of Component include folders:</h2>
  C:\Users\why\AppData\Local\Arm\Packs\Keil\STM32F1xx_DFP\2.3.0\Device\Include

<h2>Collection of Component Files used:</h2>
Target not created.
Build Time Elapsed:  00:00:01
</pre>
</body>
</html>
